# JRE version: OpenJDK Runtime Environment (8.0_202-b03) (build 1.8.0_202-release-1483-b03)
# Java VM: OpenJDK 64-Bit Server VM (25.202-b03 mixed mode windows-amd64 compressed oops)
Heap:
 PSYoungGen      total 299520K, used 274480K [0x00000000e0000000, 0x00000000f7e00000, 0x0000000100000000)
  eden space 274432K, 92% used [0x00000000e0000000,0x00000000ef796ee0,0x00000000f0c00000)
  from space 25088K, 83% used [0x00000000f0c00000,0x00000000f2075138,0x00000000f2480000)
  to   space 26624K, 0% used [0x00000000f6400000,0x00000000f6400000,0x00000000f7e00000)
 ParOldGen       total 500224K, used 36727K [0x00000000a0000000, 0x00000000be880000, 0x00000000e0000000)
  object space 500224K, 7% used [0x00000000a0000000,0x00000000a23ddfd0,0x00000000be880000)
 Metaspace       used 75483K, capacity 78680K, committed 78872K, reserved 1118208K
  class space    used 10247K, capacity 10930K, committed 11048K, reserved 1048576K
GC Heap History (10 events):
Event: 9.403 GC heap before
{Heap before GC invocations=6 (full 2):
 PSYoungGen      total 223232K, used 10663K [0x00000000e0000000, 0x00000000ef100000, 0x0000000100000000)
  eden space 203776K, 0% used [0x00000000e0000000,0x00000000e0000000,0x00000000ec700000)
  from space 19456K, 54% used [0x00000000ede00000,0x00000000ee869d98,0x00000000ef100000)
  to   space 21504K, 0% used [0x00000000ec700000,0x00000000ec700000,0x00000000edc00000)
 ParOldGen       total 212992K, used 13243K [0x00000000a0000000, 0x00000000ad000000, 0x00000000e0000000)
  object space 212992K, 6% used [0x00000000a0000000,0x00000000a0ceec18,0x00000000ad000000)
 Metaspace       used 34562K, capacity 35346K, committed 35496K, reserved 1079296K
  class space    used 4724K, capacity 4935K, committed 5032K, reserved 1048576K
Event: 9.446 GC heap after
Heap after GC invocations=6 (full 2):
 PSYoungGen      total 223232K, used 0K [0x00000000e0000000, 0x00000000ef100000, 0x0000000100000000)
  eden space 203776K, 0% used [0x00000000e0000000,0x00000000e0000000,0x00000000ec700000)
  from space 19456K, 0% used [0x00000000ede00000,0x00000000ede00000,0x00000000ef100000)
  to   space 21504K, 0% used [0x00000000ec700000,0x00000000ec700000,0x00000000edc00000)
 ParOldGen       total 338944K, used 17490K [0x00000000a0000000, 0x00000000b4b00000, 0x00000000e0000000)
  object space 338944K, 5% used [0x00000000a0000000,0x00000000a1114a18,0x00000000b4b00000)
 Metaspace       used 34540K, capacity 35274K, committed 35496K, reserved 1079296K
  class space    used 4717K, capacity 4923K, committed 5032K, reserved 1048576K
}
Event: 14.043 GC heap before
{Heap before GC invocations=7 (full 2):
 PSYoungGen      total 223232K, used 203776K [0x00000000e0000000, 0x00000000ef100000, 0x0000000100000000)
  eden space 203776K, 100% used [0x00000000e0000000,0x00000000ec700000,0x00000000ec700000)
  from space 19456K, 0% used [0x00000000ede00000,0x00000000ede00000,0x00000000ef100000)
  to   space 21504K, 0% used [0x00000000ec700000,0x00000000ec700000,0x00000000edc00000)
 ParOldGen       total 338944K, used 17490K [0x00000000a0000000, 0x00000000b4b00000, 0x00000000e0000000)
  object space 338944K, 5% used [0x00000000a0000000,0x00000000a1114a18,0x00000000b4b00000)
 Metaspace       used 49680K, capacity 50908K, committed 50984K, reserved 1093632K
  class space    used 6563K, capacity 6930K, committed 6952K, reserved 1048576K
Event: 14.061 GC heap after
Heap after GC invocations=7 (full 2):
 PSYoungGen      total 225280K, used 21478K [0x00000000e0000000, 0x00000000f3980000, 0x0000000100000000)
  eden space 203776K, 0% used [0x00000000e0000000,0x00000000e0000000,0x00000000ec700000)
  from space 21504K, 99% used [0x00000000ec700000,0x00000000edbf99a0,0x00000000edc00000)
  to   space 21504K, 0% used [0x00000000f2480000,0x00000000f2480000,0x00000000f3980000)
 ParOldGen       total 338944K, used 18831K [0x00000000a0000000, 0x00000000b4b00000, 0x00000000e0000000)
  object space 338944K, 5% used [0x00000000a0000000,0x00000000a1263db8,0x00000000b4b00000)
 Metaspace       used 49680K, capacity 50908K, committed 50984K, reserved 1093632K
  class space    used 6563K, capacity 6930K, committed 6952K, reserved 1048576K
}
Event: 15.212 GC heap before
{Heap before GC invocations=8 (full 2):
 PSYoungGen      total 225280K, used 125624K [0x00000000e0000000, 0x00000000f3980000, 0x0000000100000000)
  eden space 203776K, 51% used [0x00000000e0000000,0x00000000e65b46c0,0x00000000ec700000)
  from space 21504K, 99% used [0x00000000ec700000,0x00000000edbf99a0,0x00000000edc00000)
  to   space 21504K, 0% used [0x00000000f2480000,0x00000000f2480000,0x00000000f3980000)
 ParOldGen       total 338944K, used 18831K [0x00000000a0000000, 0x00000000b4b00000, 0x00000000e0000000)
  object space 338944K, 5% used [0x00000000a0000000,0x00000000a1263db8,0x00000000b4b00000)
 Metaspace       used 57325K, capacity 59104K, committed 59160K, reserved 1099776K
  class space    used 7701K, capacity 8200K, committed 8232K, reserved 1048576K
Event: 15.233 GC heap after
Heap after GC invocations=8 (full 2):
 PSYoungGen      total 295936K, used 21486K [0x00000000e0000000, 0x00000000f5200000, 0x0000000100000000)
  eden space 274432K, 0% used [0x00000000e0000000,0x00000000e0000000,0x00000000f0c00000)
  from space 21504K, 99% used [0x00000000f2480000,0x00000000f397b9a0,0x00000000f3980000)
  to   space 25088K, 0% used [0x00000000f0c00000,0x00000000f0c00000,0x00000000f2480000)
 ParOldGen       total 338944K, used 20370K [0x00000000a0000000, 0x00000000b4b00000, 0x00000000e0000000)
  object space 338944K, 6% used [0x00000000a0000000,0x00000000a13e4990,0x00000000b4b00000)
 Metaspace       used 57325K, capacity 59104K, committed 59160K, reserved 1099776K
  class space    used 7701K, capacity 8200K, committed 8232K, reserved 1048576K
}
Event: 15.233 GC heap before
{Heap before GC invocations=9 (full 3):
 PSYoungGen      total 295936K, used 21486K [0x00000000e0000000, 0x00000000f5200000, 0x0000000100000000)
  eden space 274432K, 0% used [0x00000000e0000000,0x00000000e0000000,0x00000000f0c00000)
  from space 21504K, 99% used [0x00000000f2480000,0x00000000f397b9a0,0x00000000f3980000)
  to   space 25088K, 0% used [0x00000000f0c00000,0x00000000f0c00000,0x00000000f2480000)
 ParOldGen       total 338944K, used 20370K [0x00000000a0000000, 0x00000000b4b00000, 0x00000000e0000000)
  object space 338944K, 6% used [0x00000000a0000000,0x00000000a13e4990,0x00000000b4b00000)
 Metaspace       used 57325K, capacity 59104K, committed 59160K, reserved 1099776K
  class space    used 7701K, capacity 8200K, committed 8232K, reserved 1048576K
Event: 15.542 GC heap after
Heap after GC invocations=9 (full 3):
 PSYoungGen      total 295936K, used 0K [0x00000000e0000000, 0x00000000f5200000, 0x0000000100000000)
  eden space 274432K, 0% used [0x00000000e0000000,0x00000000e0000000,0x00000000f0c00000)
  from space 21504K, 0% used [0x00000000f2480000,0x00000000f2480000,0x00000000f3980000)
  to   space 25088K, 0% used [0x00000000f0c00000,0x00000000f0c00000,0x00000000f2480000)
 ParOldGen       total 500224K, used 36655K [0x00000000a0000000, 0x00000000be880000, 0x00000000e0000000)
  object space 500224K, 7% used [0x00000000a0000000,0x00000000a23cbfc0,0x00000000be880000)
 Metaspace       used 57283K, capacity 58984K, committed 59160K, reserved 1099776K
  class space    used 7690K, capacity 8160K, committed 8232K, reserved 1048576K
}
Event: 28.601 GC heap before
{Heap before GC invocations=10 (full 3):
 PSYoungGen      total 295936K, used 274432K [0x00000000e0000000, 0x00000000f5200000, 0x0000000100000000)
  eden space 274432K, 100% used [0x00000000e0000000,0x00000000f0c00000,0x00000000f0c00000)
  from space 21504K, 0% used [0x00000000f2480000,0x00000000f2480000,0x00000000f3980000)
  to   space 25088K, 0% used [0x00000000f0c00000,0x00000000f0c00000,0x00000000f2480000)
 ParOldGen       total 500224K, used 36655K [0x00000000a0000000, 0x00000000be880000, 0x00000000e0000000)
  object space 500224K, 7% used [0x00000000a0000000,0x00000000a23cbfc0,0x00000000be880000)
 Metaspace       used 68486K, capacity 71312K, committed 71448K, reserved 1110016K
  class space    used 9278K, capacity 9925K, committed 10024K, reserved 1048576K
Event: 28.625 GC heap after
Heap after GC invocations=10 (full 3):
 PSYoungGen      total 299520K, used 20948K [0x00000000e0000000, 0x00000000f7e00000, 0x0000000100000000)
  eden space 274432K, 0% used [0x00000000e0000000,0x00000000e0000000,0x00000000f0c00000)
  from space 25088K, 83% used [0x00000000f0c00000,0x00000000f2075138,0x00000000f2480000)
  to   space 26624K, 0% used [0x00000000f6400000,0x00000000f6400000,0x00000000f7e00000)
 ParOldGen       total 500224K, used 36727K [0x00000000a0000000, 0x00000000be880000, 0x00000000e0000000)
  object space 500224K, 7% used [0x00000000a0000000,0x00000000a23ddfd0,0x00000000be880000)
 Metaspace       used 68486K, capacity 71312K, committed 71448K, reserved 1110016K
  class space    used 9278K, capacity 9925K, committed 10024K, reserved 1048576K
}

